(---------------------------------------------------------------------)
(                                                                     )
(    NC DRILL Log                                                     )
(                                                                     )
(    Drawing          : PCB_ZANFIRA_DAN.brd                           )
(    Software Version : 17.2S025                                      )
(    Date/Time        : Sat Jan 24 21:46:58 2026                      )
(                                                                     )
(---------------------------------------------------------------------)



 Processing NC Parameters file 'nc_param.txt' ...

 NC PARAMETERS
 -------------

 FORMAT   		2.5
 MACHINE-OFFSET		x:0.00000	y:0.00000   (inch)
 FEEDRATE		1
 COORDINATES		ABSOLUTE
 OUTPUT-UNITS		ENGLISH
 TOOL-ORDER		INCREASING
 REPEAT-CODES		YES
 SUPPRESS-LEAD-ZEROES	NO
 SUPPRESS-TRAIL-ZEROES	NO
 SUPPRESS-EQUAL		NO
 TOOL-SELECT		NO
 HEADER			none
 LEADER			12
 CODE			ASCII
 SEPARATE		NO
 SEPARATE-ROUTING	NO
 OPTIMIZE_DRILLING	NO
 ENHANCED_EXCELLON	NO
 SCALE			1.000000

 WARNING(SPMHMF-358): Design precision is the same as that of the drill output file data.
 WARNING(SPMHMF-359): Data rounding errors may still be possible.


 Drill files being output to directory 'C:/Users/dan_z/OneDrive/Desktop/P1_2025_434A_ZANFIRA_DAN_PAI_N5_ORcad/Layout/GERBER' ...



     'DRILL-bl-1-2.drl' created for holes connecting 1 and 2
     -------------------------------------------------------

           Num     Size      +/- Tolerance     Plating   Quantity

            1.  15.7500    0.0000/  0.0000      PLATED         10

     ---- Total holes:                                         10

     ---- Total head travel:              0.28 feet (0.09 meters)

